<?xml version="1.0" encoding="UTF-8"?>
<testng-results ignored="0" total="2" passed="2" failed="0" skipped="0">
  <reporter-output>
  </reporter-output>
  <suite started-at="2026-03-14T10:10:16 IST" name="Suite" finished-at="2026-03-14T10:10:22 IST" duration-ms="5752">
    <groups>
    </groups>
    <test started-at="2026-03-14T10:10:16 IST" name="Test" finished-at="2026-03-14T10:10:22 IST" duration-ms="5752">
      <class name="LoginTest.LoginTest2">
        <test-method signature="login2()[pri:0, instance:LoginTest.LoginTest2@4135c3b]" started-at="2026-03-14T10:10:16 IST" name="login2" finished-at="2026-03-14T10:10:19 IST" duration-ms="3385" status="PASS">
          <reporter-output>
          </reporter-output>
        </test-method> <!-- login2 -->
      </class> <!-- LoginTest.LoginTest2 -->
      <class name="LoginTest.LoginTest1">
        <test-method signature="login2()[pri:0, instance:LoginTest.LoginTest1@128d2484]" started-at="2026-03-14T10:10:19 IST" name="login2" finished-at="2026-03-14T10:10:22 IST" duration-ms="2328" status="PASS">
          <reporter-output>
          </reporter-output>
        </test-method> <!-- login2 -->
      </class> <!-- LoginTest.LoginTest1 -->
    </test> <!-- Test -->
  </suite> <!-- Suite -->
</testng-results>
